{"level":"warn","message":"invalid route: undefined"}
{"level":"warn","message":"invalid route: http://localhost:8080/"}
{"level":"warn","message":"invalid route: undefined"}
{"level":"warn","message":"invalid route: http://localhost:8080/api/productos-test/"}
{"level":"warn","message":"invalid route: http://localhost:8080/api/productos/"}
{"level":"warn","message":"invalid route: http://localhost:8080/api/productos/"}
{"level":"warn","message":"invalid route: http://localhost:8080/api/productos/"}
{"level":"warn","message":"invalid route: http://localhost:8080/api/productos/"}
{"level":"warn","message":"invalid route: http://localhost:8080/api/productos/"}
{"level":"warn","message":"invalid route: http://localhost:8080/api/productos/"}
{"level":"warn","message":"invalid route: http://localhost:8080/api/productos/"}
{"level":"warn","message":"invalid route: http://localhost:8080/api/productos/"}
{"level":"warn","message":"invalid route: http://localhost:8080/api/productos/"}
{"level":"warn","message":"invalid route: http://localhost:8080/api/productos/"}
{"level":"warn","message":"invalid route: http://localhost:8080/api/productos/"}
{"level":"warn","message":"invalid route: http://localhost:8080/api/productos/"}
{"level":"warn","message":"invalid route: http://localhost:8080/api/productos/"}
{"level":"warn","message":"invalid route: http://localhost:8080/api/productos/"}
{"level":"warn","message":"invalid route: http://localhost:8080/api/productos/"}
{"level":"warn","message":"invalid route: http://localhost:8080/api/productos/"}
{"level":"warn","message":"invalid route: http://localhost:8080/api/productos/"}
{"level":"warn","message":"invalid route: http://localhost:8080/api/productos/"}
{"level":"warn","message":"invalid route: http://localhost:8080/api/productos/"}
{"level":"warn","message":"invalid route: http://localhost:8080/api/productos/"}
{"level":"warn","message":"invalid route: http://localhost:8080/api/productos/"}
{"level":"warn","message":"invalid route: http://localhost:8080/api/productos/"}
{"level":"warn","message":"invalid route: http://localhost:8080/api/productos/"}
{"level":"warn","message":"invalid route: http://localhost:8080/api/productos/"}
{"level":"warn","message":"invalid route: http://localhost:8080/api/productos/"}
{"level":"warn","message":"invalid route: http://localhost:8080/api/productos/"}
{"level":"warn","message":"invalid route: http://localhost:8080/api/productos/"}
{"level":"warn","message":"invalid route: http://localhost:8080/api/productos/"}
{"level":"warn","message":"invalid route: http://localhost:8080/api/productos/"}
{"level":"warn","message":"invalid route: http://localhost:8080/api/productos/"}
{"level":"warn","message":"invalid route: http://localhost:8080/api/productos/"}
{"level":"warn","message":"invalid route: http://localhost:8080/api/productos/"}
{"level":"warn","message":"invalid route: http://localhost:8080/api/productos/"}
{"level":"warn","message":"invalid route: http://localhost:8080/api/productos/"}
{"level":"warn","message":"invalid route: http://localhost:8080/api/productos/"}
{"level":"warn","message":"invalid route: http://localhost:8080/api/productos/"}
{"level":"warn","message":"invalid route: http://localhost:8080/api/productos/"}
{"level":"warn","message":"invalid route: http://localhost:8080/api/productos/"}
{"level":"warn","message":"invalid route: http://localhost:8080/api/productos/"}
{"level":"warn","message":"invalid route: http://localhost:8080/api/productos/"}
{"level":"warn","message":"invalid route: http://localhost:8080/api/productos/"}
{"level":"warn","message":"invalid route: http://localhost:8080/api/productos/"}
{"level":"warn","message":"invalid route: http://localhost:8080/api/productos/"}
{"level":"warn","message":"invalid route: http://localhost:8080/api/productos/"}
{"level":"warn","message":"invalid route: http://localhost:8080/api/productos/"}
{"level":"warn","message":"invalid route: http://localhost:8080/api/productos/"}
{"level":"warn","message":"invalid route: http://localhost:8080/api/productos/"}
{"level":"warn","message":"invalid route: http://localhost:8080/api/productos/"}
{"level":"warn","message":"invalid route: undefined"}
{"level":"warn","message":"invalid route: undefined"}
{"level":"error","message":"error mensajes: Error: Invalid login: 535 Authentication failed"}
{"level":"error","message":"error mensajes: Error: Authenticate"}
{"level":"warn","message":"invalid route: undefined"}
{"level":"warn","message":"invalid route: undefined"}
{"level":"warn","message":"invalid route: undefined"}
{"level":"warn","message":"invalid route: undefined"}
{"level":"warn","message":"invalid route: undefined"}
{"level":"error","message":"error mensajes: Error: Invalid login: 535 Authentication failed"}
{"level":"error","message":"error mensajes: Error: Invalid login: 535 Authentication failed"}
{"level":"error","message":"error mensajes: Error: Authenticate"}
{"level":"error","message":"error mensajes: Error: Invalid login: 535 Authentication failed"}
{"level":"error","message":"error mensajes: Error: Authenticate"}
{"level":"error","message":"error mensajes: Error: Invalid login: 535 Authentication failed"}
{"level":"error","message":"error mensajes: Error: Authenticate"}
{"level":"warn","message":"invalid route: undefined"}
{"level":"warn","message":"invalid route: undefined"}
{"level":"error","message":"error mensajes: Error: Invalid login: 535 Authentication failed"}
{"level":"warn","message":"invalid route: undefined"}
{"level":"warn","message":"invalid route: undefined"}
{"level":"error","message":"error mensajes: Error: Invalid login: 535 Authentication failed"}
{"level":"warn","message":"invalid route: undefined"}
{"level":"warn","message":"invalid route: undefined"}
{"level":"warn","message":"invalid route: undefined"}
{"level":"warn","message":"invalid route: undefined"}
{"level":"warn","message":"invalid route: undefined"}
{"level":"error","message":"error mensajes: Error: Invalid login: 535 Authentication failed"}
{"level":"error","message":"error mensajes: Error: Authenticate"}
{"level":"error","message":"error mensajes: Error: Invalid login: 535 Authentication failed"}
{"level":"error","message":"error mensajes: Error: Authenticate"}
{"level":"error","message":"error mensajes: Error: Invalid login: 535 Authentication failed"}
{"level":"error","message":"error mensajes: Error: Authenticate"}
{"level":"error","message":"error mensajes: Error: Invalid login: 535 Authentication failed"}
{"level":"error","message":"error mensajes: Error: Authenticate"}
{"level":"error","message":"error mensajes: Error: Invalid login: 535 Authentication failed"}
{"level":"error","message":"error mensajes: Error: Authenticate"}
{"level":"error","message":"error mensajes: Error: Invalid login: 535 Authentication failed"}
{"level":"error","message":"error mensajes: Error: Authenticate"}
{"level":"error","message":"error mensajes: Error: Invalid login: 535 Authentication failed"}
{"level":"error","message":"error mensajes: Error: Authenticate"}
{"level":"error","message":"error mensajes: Error: Invalid login: 535 Authentication failed"}
{"level":"error","message":"error mensajes: Error: Authenticate"}
{"level":"error","message":"error mensajes: Error: Invalid login: 535 Authentication failed"}
{"level":"error","message":"error mensajes: Error: Authenticate"}
{"level":"error","message":"error mensajes: Error: Invalid login: 535 Authentication failed"}
{"level":"error","message":"error mensajes: Error: Authenticate"}
{"level":"error","message":"error mensajes: Error: Authenticate"}
{"level":"error","message":"error mensajes: Error: Authenticate"}
{"level":"error","message":"error mensajes: Error: Authenticate"}
{"level":"error","message":"error mensajes: Error: Authenticate"}
{"level":"error","message":"error mensajes: Error: Authenticate"}
{"level":"error","message":"error mensajes: Error: Authenticate"}
{"level":"error","message":"error mensajes: Error: Authenticate"}
{"level":"error","message":"error mensajes: Error: Authenticate"}
{"level":"error","message":"error mensajes: Error: Authenticate"}
{"level":"error","message":"error mensajes: Error: Authenticate"}
{"level":"error","message":"error mensajes: Error: Authenticate"}
{"level":"error","message":"error mensajes: Error: Authenticate"}
{"level":"error","message":"error mensajes: Error: Authenticate"}
{"level":"error","message":"error mensajes: Error: Authenticate"}
{"level":"error","message":"error mensajes: Error: Authenticate"}
{"level":"error","message":"error mensajes: Error: Authenticate"}
{"level":"error","message":"error mensajes: Error: Authenticate"}
{"level":"error","message":"error mensajes: Error: Authenticate"}
{"level":"error","message":"error mensajes: Error: Authenticate"}
{"level":"error","message":"error mensajes: Error: Authenticate"}
{"level":"warn","message":"invalid route: undefined"}
{"level":"warn","message":"invalid route: undefined"}
{"level":"warn","message":"invalid route: undefined"}
{"level":"error","message":"error mensajes: Error: Authenticate"}
{"level":"error","message":"error mensajes: Error: Authenticate"}
{"level":"error","message":"error mensajes: Error: Authenticate"}
